<?xml version="1.0" encoding="UTF-8"?>
<!-- Generated by org.testng.reporters.JUnitReportReporter -->
<testsuite hostname="DESKTOP-VFUPE0R" failures="0" tests="1" name="Expleo.XEBusiness.AppTest" time="0.004" errors="0" timestamp="10 Jun 2021 08:33:58 GMT">
  <testcase classname="Expleo.XEBusiness.AppTest" name="shouldAnswerWithTrue" time="0.004"/>
</testsuite> <!-- Expleo.XEBusiness.AppTest -->
